  MainPrueba.cpp
C:\Users\52554\Documents\2023-2\ProyectoGrafica\317127157_PROYECTOFINAL2023-2_GPO06\ProyectoFinal\modelAnim.h(104,44): warning C4244: '=': conversion from 'double' to 'float', possible loss of data
C:\Users\52554\Documents\2023-2\ProyectoGrafica\317127157_PROYECTOFINAL2023-2_GPO06\ProyectoFinal\modelAnim.h(519,24): warning C4244: 'initializing': conversion from 'double' to 'float', possible loss of data
C:\Users\52554\Documents\2023-2\ProyectoGrafica\317127157_PROYECTOFINAL2023-2_GPO06\ProyectoFinal\MainPrueba.cpp(474,24): warning C4244: 'initializing': conversion from 'double' to 'GLfloat', possible loss of data
C:\Users\52554\Documents\2023-2\ProyectoGrafica\317127157_PROYECTOFINAL2023-2_GPO06\ProyectoFinal\MainPrueba.cpp(929,11): warning C4244: '=': conversion from 'double' to 'GLfloat', possible loss of data
C:\Users\52554\Documents\2023-2\ProyectoGrafica\317127157_PROYECTOFINAL2023-2_GPO06\ProyectoFinal\MainPrueba.cpp(930,11): warning C4244: '=': conversion from 'double' to 'GLfloat', possible loss of data
C:\Users\52554\Documents\2023-2\ProyectoGrafica\317127157_PROYECTOFINAL2023-2_GPO06\ProyectoFinal\MainPrueba.cpp(934,18): warning C4244: 'initializing': conversion from 'double' to 'GLfloat', possible loss of data
C:\Users\52554\Documents\2023-2\ProyectoGrafica\317127157_PROYECTOFINAL2023-2_GPO06\ProyectoFinal\MainPrueba.cpp(935,18): warning C4244: 'initializing': conversion from 'double' to 'GLfloat', possible loss of data
C:\Users\52554\Documents\2023-2\ProyectoGrafica\317127157_PROYECTOFINAL2023-2_GPO06\ProyectoFinal\MainPrueba.cpp(937,10): warning C4244: '=': conversion from 'double' to 'GLfloat', possible loss of data
C:\Users\52554\Documents\2023-2\ProyectoGrafica\317127157_PROYECTOFINAL2023-2_GPO06\ProyectoFinal\MainPrueba.cpp(938,10): warning C4244: '=': conversion from 'double' to 'GLfloat', possible loss of data
C:\Users\52554\Documents\2023-2\ProyectoGrafica\317127157_PROYECTOFINAL2023-2_GPO06\ProyectoFinal\MainPrueba.cpp(967,52): warning C4244: '=': conversion from 'double' to 'float', possible loss of data
C:\Users\52554\Documents\2023-2\ProyectoGrafica\317127157_PROYECTOFINAL2023-2_GPO06\ProyectoFinal\MainPrueba.cpp(968,21): warning C4244: '=': conversion from 'double' to 'float', possible loss of data
C:\Users\52554\Documents\2023-2\ProyectoGrafica\317127157_PROYECTOFINAL2023-2_GPO06\ProyectoFinal\MainPrueba.cpp(973,26): warning C4244: '=': conversion from 'double' to 'float', possible loss of data
C:\Users\52554\Documents\2023-2\ProyectoGrafica\317127157_PROYECTOFINAL2023-2_GPO06\ProyectoFinal\MainPrueba.cpp(980,26): warning C4244: '=': conversion from 'double' to 'float', possible loss of data
C:\Users\52554\Documents\2023-2\ProyectoGrafica\317127157_PROYECTOFINAL2023-2_GPO06\ProyectoFinal\MainPrueba.cpp(998,53): warning C4244: '=': conversion from 'double' to 'float', possible loss of data
C:\Users\52554\Documents\2023-2\ProyectoGrafica\317127157_PROYECTOFINAL2023-2_GPO06\ProyectoFinal\MainPrueba.cpp(999,21): warning C4244: '=': conversion from 'double' to 'float', possible loss of data
C:\Users\52554\Documents\2023-2\ProyectoGrafica\317127157_PROYECTOFINAL2023-2_GPO06\ProyectoFinal\MainPrueba.cpp(1030,20): warning C4244: '=': conversion from 'double' to 'float', possible loss of data
C:\Users\52554\Documents\2023-2\ProyectoGrafica\317127157_PROYECTOFINAL2023-2_GPO06\ProyectoFinal\MainPrueba.cpp(1035,20): warning C4244: '=': conversion from 'double' to 'float', possible loss of data
C:\Users\52554\Documents\2023-2\ProyectoGrafica\317127157_PROYECTOFINAL2023-2_GPO06\ProyectoFinal\MainPrueba.cpp(1048,47): warning C4244: '=': conversion from 'double' to 'float', possible loss of data
C:\Users\52554\Documents\2023-2\ProyectoGrafica\317127157_PROYECTOFINAL2023-2_GPO06\ProyectoFinal\MainPrueba.cpp(1049,22): warning C4244: '=': conversion from 'double' to 'float', possible loss of data
C:\Users\52554\Documents\2023-2\ProyectoGrafica\317127157_PROYECTOFINAL2023-2_GPO06\ProyectoFinal\MainPrueba.cpp(1081,18): warning C4244: '=': conversion from 'double' to 'float', possible loss of data
C:\Users\52554\Documents\2023-2\ProyectoGrafica\317127157_PROYECTOFINAL2023-2_GPO06\ProyectoFinal\MainPrueba.cpp(1090,18): warning C4244: '=': conversion from 'double' to 'float', possible loss of data
soil2-debug.lib(SOIL2.obj) : warning LNK4075: ignoring '/EDITANDCONTINUE' due to '/OPT:ICF' specification
LINK : warning LNK4098: defaultlib 'MSVCRTD' conflicts with use of other libs; use /NODEFAULTLIB:library
  Generating code
  0 of 701 functions ( 0.0%) were compiled, the rest were copied from previous compilation.
    0 functions were new in current compilation
    0 functions had inline decision re-evaluated but remain unchanged
  Finished generating code
soil2-debug.lib(etc1_utils.obj) : warning LNK4099: PDB '' was not found with 'soil2-debug.lib(etc1_utils.obj)' or at ''; linking object as if no debug info
soil2-debug.lib(image_DXT.obj) : warning LNK4099: PDB '' was not found with 'soil2-debug.lib(image_DXT.obj)' or at ''; linking object as if no debug info
soil2-debug.lib(image_helper.obj) : warning LNK4099: PDB '' was not found with 'soil2-debug.lib(image_helper.obj)' or at ''; linking object as if no debug info
soil2-debug.lib(SOIL2.obj) : warning LNK4099: PDB '' was not found with 'soil2-debug.lib(SOIL2.obj)' or at ''; linking object as if no debug info
  ProyectoFinal.vcxproj -> C:\Users\52554\Documents\2023-2\ProyectoGrafica\317127157_PROYECTOFINAL2023-2_GPO06\Release\ProyectoFinal.exe
