  MainPrueba.cpp
C:\Users\52554\Documents\2023-2\ProyectoGrafica\317127157_PROYECTOFINAL2023-2_GPO06\ProyectoFinal\modelAnim.h(104,44): warning C4244: '=': conversion from 'double' to 'float', possible loss of data
C:\Users\52554\Documents\2023-2\ProyectoGrafica\317127157_PROYECTOFINAL2023-2_GPO06\ProyectoFinal\modelAnim.h(519,24): warning C4244: 'initializing': conversion from 'double' to 'float', possible loss of data
C:\Users\52554\Documents\2023-2\ProyectoGrafica\317127157_PROYECTOFINAL2023-2_GPO06\ProyectoFinal\MainPrueba.cpp(471,24): warning C4244: 'initializing': conversion from 'double' to 'GLfloat', possible loss of data
C:\Users\52554\Documents\2023-2\ProyectoGrafica\317127157_PROYECTOFINAL2023-2_GPO06\ProyectoFinal\MainPrueba.cpp(910,11): warning C4244: '=': conversion from 'double' to 'GLfloat', possible loss of data
C:\Users\52554\Documents\2023-2\ProyectoGrafica\317127157_PROYECTOFINAL2023-2_GPO06\ProyectoFinal\MainPrueba.cpp(911,11): warning C4244: '=': conversion from 'double' to 'GLfloat', possible loss of data
C:\Users\52554\Documents\2023-2\ProyectoGrafica\317127157_PROYECTOFINAL2023-2_GPO06\ProyectoFinal\MainPrueba.cpp(915,18): warning C4244: 'initializing': conversion from 'double' to 'GLfloat', possible loss of data
C:\Users\52554\Documents\2023-2\ProyectoGrafica\317127157_PROYECTOFINAL2023-2_GPO06\ProyectoFinal\MainPrueba.cpp(916,18): warning C4244: 'initializing': conversion from 'double' to 'GLfloat', possible loss of data
C:\Users\52554\Documents\2023-2\ProyectoGrafica\317127157_PROYECTOFINAL2023-2_GPO06\ProyectoFinal\MainPrueba.cpp(918,10): warning C4244: '=': conversion from 'double' to 'GLfloat', possible loss of data
C:\Users\52554\Documents\2023-2\ProyectoGrafica\317127157_PROYECTOFINAL2023-2_GPO06\ProyectoFinal\MainPrueba.cpp(919,10): warning C4244: '=': conversion from 'double' to 'GLfloat', possible loss of data
C:\Users\52554\Documents\2023-2\ProyectoGrafica\317127157_PROYECTOFINAL2023-2_GPO06\ProyectoFinal\MainPrueba.cpp(948,52): warning C4244: '=': conversion from 'double' to 'float', possible loss of data
C:\Users\52554\Documents\2023-2\ProyectoGrafica\317127157_PROYECTOFINAL2023-2_GPO06\ProyectoFinal\MainPrueba.cpp(949,21): warning C4244: '=': conversion from 'double' to 'float', possible loss of data
C:\Users\52554\Documents\2023-2\ProyectoGrafica\317127157_PROYECTOFINAL2023-2_GPO06\ProyectoFinal\MainPrueba.cpp(954,26): warning C4244: '=': conversion from 'double' to 'float', possible loss of data
C:\Users\52554\Documents\2023-2\ProyectoGrafica\317127157_PROYECTOFINAL2023-2_GPO06\ProyectoFinal\MainPrueba.cpp(961,26): warning C4244: '=': conversion from 'double' to 'float', possible loss of data
C:\Users\52554\Documents\2023-2\ProyectoGrafica\317127157_PROYECTOFINAL2023-2_GPO06\ProyectoFinal\MainPrueba.cpp(979,53): warning C4244: '=': conversion from 'double' to 'float', possible loss of data
C:\Users\52554\Documents\2023-2\ProyectoGrafica\317127157_PROYECTOFINAL2023-2_GPO06\ProyectoFinal\MainPrueba.cpp(980,21): warning C4244: '=': conversion from 'double' to 'float', possible loss of data
C:\Users\52554\Documents\2023-2\ProyectoGrafica\317127157_PROYECTOFINAL2023-2_GPO06\ProyectoFinal\MainPrueba.cpp(1011,20): warning C4244: '=': conversion from 'double' to 'float', possible loss of data
C:\Users\52554\Documents\2023-2\ProyectoGrafica\317127157_PROYECTOFINAL2023-2_GPO06\ProyectoFinal\MainPrueba.cpp(1016,20): warning C4244: '=': conversion from 'double' to 'float', possible loss of data
C:\Users\52554\Documents\2023-2\ProyectoGrafica\317127157_PROYECTOFINAL2023-2_GPO06\ProyectoFinal\MainPrueba.cpp(1029,47): warning C4244: '=': conversion from 'double' to 'float', possible loss of data
C:\Users\52554\Documents\2023-2\ProyectoGrafica\317127157_PROYECTOFINAL2023-2_GPO06\ProyectoFinal\MainPrueba.cpp(1030,22): warning C4244: '=': conversion from 'double' to 'float', possible loss of data
C:\Users\52554\Documents\2023-2\ProyectoGrafica\317127157_PROYECTOFINAL2023-2_GPO06\ProyectoFinal\MainPrueba.cpp(1062,18): warning C4244: '=': conversion from 'double' to 'float', possible loss of data
C:\Users\52554\Documents\2023-2\ProyectoGrafica\317127157_PROYECTOFINAL2023-2_GPO06\ProyectoFinal\MainPrueba.cpp(1071,18): warning C4244: '=': conversion from 'double' to 'float', possible loss of data
LINK : warning LNK4098: defaultlib 'MSVCRT' conflicts with use of other libs; use /NODEFAULTLIB:library
soil2-debug.lib(etc1_utils.obj) : warning LNK4099: PDB '' was not found with 'soil2-debug.lib(etc1_utils.obj)' or at ''; linking object as if no debug info
soil2-debug.lib(image_DXT.obj) : warning LNK4099: PDB '' was not found with 'soil2-debug.lib(image_DXT.obj)' or at ''; linking object as if no debug info
soil2-debug.lib(image_helper.obj) : warning LNK4099: PDB '' was not found with 'soil2-debug.lib(image_helper.obj)' or at ''; linking object as if no debug info
soil2-debug.lib(SOIL2.obj) : warning LNK4099: PDB '' was not found with 'soil2-debug.lib(SOIL2.obj)' or at ''; linking object as if no debug info
  ProyectoFinal.vcxproj -> C:\Users\52554\Documents\2023-2\ProyectoGrafica\317127157_PROYECTOFINAL2023-2_GPO06\Debug\ProyectoFinal.exe
